[     290ms] [LOG] [Fast Refresh] rebuilding @ http://localhost:3000/_next/static/chunks/0xof_next_dist_06_~z64._.js:2431
[     304ms] [LOG] [Fast Refresh] done in 115ms @ http://localhost:3000/_next/static/chunks/0xof_next_dist_06_~z64._.js:2431
[     530ms] [LOG] [Fast Refresh] rebuilding @ http://localhost:3000/_next/static/chunks/0xof_next_dist_06_~z64._.js:2431
[     635ms] [LOG] [Fast Refresh] done in 206ms @ http://localhost:3000/_next/static/chunks/0xof_next_dist_06_~z64._.js:2431
[     778ms] [INFO] %cDownload the React DevTools for a better development experience: https://react.dev/link/react-devtools font-weight:bold @ http://localhost:3000/_next/static/chunks/0xof_next_dist_06_~z64._.js:2431
[     818ms] [LOG] [HMR] connected @ http://localhost:3000/_next/static/chunks/0xof_next_dist_06_~z64._.js:2431
[     898ms] [WARNING] Image with src "/images/countries/colombia.jpg" was detected as the Largest Contentful Paint (LCP). Please add the `loading="eager"` property if this image is above the fold.
Read more: https://nextjs.org/docs/app/api-reference/components/image#loading @ http://localhost:3000/_next/static/chunks/0xof_next_dist_06_~z64._.js:2431
[    1019ms] [LOG] [Fast Refresh] rebuilding @ http://localhost:3000/_next/static/chunks/0xof_next_dist_06_~z64._.js:2431
[    1075ms] [LOG] [Fast Refresh] done in 157ms @ http://localhost:3000/_next/static/chunks/0xof_next_dist_06_~z64._.js:2431
[    1200ms] [ERROR] Failed to load resource: the server responded with a status of 500 () @ https://ttzstncplgzkbnlhepgh.supabase.co/rest/v1/users?select=*&id=eq.7a3333f1-8d74-4fc5-8d3c-90f4424c9ba9:0
[    1239ms] [ERROR] Failed to load resource: the server responded with a status of 500 () @ https://ttzstncplgzkbnlhepgh.supabase.co/rest/v1/users?select=*&id=eq.7a3333f1-8d74-4fc5-8d3c-90f4424c9ba9:0
[    1751ms] [ERROR] Failed to load resource: the server responded with a status of 500 () @ https://ttzstncplgzkbnlhepgh.supabase.co/rest/v1/users?select=*&id=eq.7a3333f1-8d74-4fc5-8d3c-90f4424c9ba9:0
[    1793ms] [ERROR] Failed to load resource: the server responded with a status of 500 () @ https://ttzstncplgzkbnlhepgh.supabase.co/rest/v1/users?select=*&id=eq.7a3333f1-8d74-4fc5-8d3c-90f4424c9ba9:0
[    2297ms] [ERROR] Failed to load resource: the server responded with a status of 500 () @ https://ttzstncplgzkbnlhepgh.supabase.co/rest/v1/users?select=*&id=eq.7a3333f1-8d74-4fc5-8d3c-90f4424c9ba9:0
[    2337ms] [ERROR] Failed to load resource: the server responded with a status of 500 () @ https://ttzstncplgzkbnlhepgh.supabase.co/rest/v1/users?select=*&id=eq.7a3333f1-8d74-4fc5-8d3c-90f4424c9ba9:0
[   25691ms] [LOG] [Fast Refresh] rebuilding @ http://localhost:3000/_next/static/chunks/0xof_next_dist_06_~z64._.js:2431
[   25721ms] [LOG] [Fast Refresh] done in 103ms @ http://localhost:3000/_next/static/chunks/0xof_next_dist_06_~z64._.js:2431
[   32489ms] [INFO] %cDownload the React DevTools for a better development experience: https://react.dev/link/react-devtools font-weight:bold @ http://localhost:3000/_next/static/chunks/0xof_next_dist_06_~z64._.js:2431
[   32512ms] [LOG] [HMR] connected @ http://localhost:3000/_next/static/chunks/0xof_next_dist_06_~z64._.js:2431
[   32553ms] [WARNING] Image with src "/images/countries/colombia.jpg" was detected as the Largest Contentful Paint (LCP). Please add the `loading="eager"` property if this image is above the fold.
Read more: https://nextjs.org/docs/app/api-reference/components/image#loading @ http://localhost:3000/_next/static/chunks/0xof_next_dist_06_~z64._.js:2431
[   32673ms] [ERROR] Failed to load resource: the server responded with a status of 500 () @ https://ttzstncplgzkbnlhepgh.supabase.co/rest/v1/users?select=*&id=eq.7a3333f1-8d74-4fc5-8d3c-90f4424c9ba9:0
[   32720ms] [ERROR] Failed to load resource: the server responded with a status of 500 () @ https://ttzstncplgzkbnlhepgh.supabase.co/rest/v1/users?select=*&id=eq.7a3333f1-8d74-4fc5-8d3c-90f4424c9ba9:0
[   33222ms] [ERROR] Failed to load resource: the server responded with a status of 500 () @ https://ttzstncplgzkbnlhepgh.supabase.co/rest/v1/users?select=*&id=eq.7a3333f1-8d74-4fc5-8d3c-90f4424c9ba9:0
[   33271ms] [ERROR] Failed to load resource: the server responded with a status of 500 () @ https://ttzstncplgzkbnlhepgh.supabase.co/rest/v1/users?select=*&id=eq.7a3333f1-8d74-4fc5-8d3c-90f4424c9ba9:0
[   33768ms] [ERROR] Failed to load resource: the server responded with a status of 500 () @ https://ttzstncplgzkbnlhepgh.supabase.co/rest/v1/users?select=*&id=eq.7a3333f1-8d74-4fc5-8d3c-90f4424c9ba9:0
[   33817ms] [ERROR] Failed to load resource: the server responded with a status of 500 () @ https://ttzstncplgzkbnlhepgh.supabase.co/rest/v1/users?select=*&id=eq.7a3333f1-8d74-4fc5-8d3c-90f4424c9ba9:0
[   39836ms] [LOG] [Fast Refresh] rebuilding @ http://localhost:3000/_next/static/chunks/0xof_next_dist_06_~z64._.js:2431
[   40725ms] [LOG] [Fast Refresh] done in 990ms @ http://localhost:3000/_next/static/chunks/0xof_next_dist_06_~z64._.js:2431
[   80186ms] [LOG] [Fast Refresh] rebuilding @ http://localhost:3000/_next/static/chunks/0xof_next_dist_06_~z64._.js:2431
[   80281ms] [ERROR] ./task/reading_passport/src/components/book/ReadPageClient.tsx:8:33
Module not found: Can't resolve '@/components/book/PdfViewer'
   6 | import dynamic from 'next/dynamic';
   7 |
>  8 | const PdfViewer = dynamic(() => import('@/components/book/PdfViewer'), {
     |                                 ^^^^^^^^^^^^^^^^^^^^^^^^^^^^^^^^^^^^^
   9 |   ssr: false,
  10 |   loading: () => (
  11 |     <div className="flex items-center justify-center" style={{ minHeight: '500px' }}>

Import map: aliased to relative './src/components/book/PdfViewer' inside of [project]/task/reading_passport

Import trace:
  Server Component:
    ./task/reading_passport/src/components/book/ReadPageClient.tsx
    ./task/reading_passport/src/app/book/[id]/read/page.tsx

https://nextjs.org/docs/messages/module-not-found @ http://localhost:3000/_next/static/chunks/0xof_next_dist_06_~z64._.js:3272
[   80342ms] [ERROR] ./task/reading_passport/src/components/book/ReadPageClient.tsx:8:33
Module not found: Can't resolve '@/components/book/PdfViewer'
   6 | import dynamic from 'next/dynamic';
   7 |
>  8 | const PdfViewer = dynamic(() => import('@/components/book/PdfViewer'), {
     |                                 ^^^^^^^^^^^^^^^^^^^^^^^^^^^^^^^^^^^^^
   9 |   ssr: false,
  10 |   loading: () => (
  11 |     <div className="flex items-center justify-center" style={{ minHeight: '500px' }}>

Import map: aliased to relative './src/components/book/PdfViewer' inside of [project]/task/reading_passport

Import trace:
  Server Component:
    ./task/reading_passport/src/components/book/ReadPageClient.tsx
    ./task/reading_passport/src/app/book/[id]/read/page.tsx

https://nextjs.org/docs/messages/module-not-found @ http://localhost:3000/_next/static/chunks/0xof_next_dist_06_~z64._.js:3272
[   80444ms] [LOG] [Fast Refresh] rebuilding @ http://localhost:3000/_next/static/chunks/0xof_next_dist_06_~z64._.js:2431
[   80625ms] [ERROR] ./task/reading_passport/src/components/book/ReadPageClient.tsx:8:33
Module not found: Can't resolve '@/components/book/PdfViewer'
   6 | import dynamic from 'next/dynamic';
   7 |
>  8 | const PdfViewer = dynamic(() => import('@/components/book/PdfViewer'), {
     |                                 ^^^^^^^^^^^^^^^^^^^^^^^^^^^^^^^^^^^^^
   9 |   ssr: false,
  10 |   loading: () => (
  11 |     <div className="flex items-center justify-center" style={{ minHeight: '500px' }}>

Import map: aliased to relative './src/components/book/PdfViewer' inside of [project]/task/reading_passport

Import trace:
  Server Component:
    ./task/reading_passport/src/components/book/ReadPageClient.tsx
    ./task/reading_passport/src/app/book/[id]/read/page.tsx

https://nextjs.org/docs/messages/module-not-found @ http://localhost:3000/_next/static/chunks/0xof_next_dist_06_~z64._.js:3272
[   80673ms] [ERROR] ./task/reading_passport/src/components/book/ReadPageClient.tsx:8:33
Module not found: Can't resolve '@/components/book/PdfViewer'
   6 | import dynamic from 'next/dynamic';
   7 |
>  8 | const PdfViewer = dynamic(() => import('@/components/book/PdfViewer'), {
     |                                 ^^^^^^^^^^^^^^^^^^^^^^^^^^^^^^^^^^^^^
   9 |   ssr: false,
  10 |   loading: () => (
  11 |     <div className="flex items-center justify-center" style={{ minHeight: '500px' }}>

Import map: aliased to relative './src/components/book/PdfViewer' inside of [project]/task/reading_passport

Import trace:
  Server Component:
    ./task/reading_passport/src/components/book/ReadPageClient.tsx
    ./task/reading_passport/src/app/book/[id]/read/page.tsx

https://nextjs.org/docs/messages/module-not-found @ http://localhost:3000/_next/static/chunks/0xof_next_dist_06_~z64._.js:3272
[   80675ms] [ERROR] Failed to load resource: the server responded with a status of 500 (Internal Server Error) @ http://localhost:3000/map?_rsc=6vj1d:0
[   80735ms] [LOG] [Fast Refresh] rebuilding @ http://localhost:3000/_next/static/chunks/0xof_next_dist_06_~z64._.js:2431
[   80802ms] [ERROR] ./task/reading_passport/src/components/book/ReadPageClient.tsx:8:33
Module not found: Can't resolve '@/components/book/PdfViewer'
   6 | import dynamic from 'next/dynamic';
   7 |
>  8 | const PdfViewer = dynamic(() => import('@/components/book/PdfViewer'), {
     |                                 ^^^^^^^^^^^^^^^^^^^^^^^^^^^^^^^^^^^^^
   9 |   ssr: false,
  10 |   loading: () => (
  11 |     <div className="flex items-center justify-center" style={{ minHeight: '500px' }}>

Import map: aliased to relative './src/components/book/PdfViewer' inside of [project]/task/reading_passport

Import trace:
  Server Component:
    ./task/reading_passport/src/components/book/ReadPageClient.tsx
    ./task/reading_passport/src/app/book/[id]/read/page.tsx

https://nextjs.org/docs/messages/module-not-found @ http://localhost:3000/_next/static/chunks/0xof_next_dist_06_~z64._.js:3272
[   80853ms] [ERROR] Failed to load resource: the server responded with a status of 500 (Internal Server Error) @ http://localhost:3000/map:0
[   81012ms] [INFO] %cDownload the React DevTools for a better development experience: https://react.dev/link/react-devtools font-weight:bold @ http://localhost:3000/_next/static/chunks/0xof_react-dom_0q-5wpb._.js:15305
[   81054ms] Error: ./task/reading_passport/src/components/book/ReadPageClient.tsx:8:33
Module not found: Can't resolve '@/components/book/PdfViewer'
   6 | import dynamic from 'next/dynamic';
   7 |
>  8 | const PdfViewer = dynamic(() => import('@/components/book/PdfViewer'), {
     |                                 ^^^^^^^^^^^^^^^^^^^^^^^^^^^^^^^^^^^^^
   9 |   ssr: false,
  10 |   loading: () => (
  11 |     <div className="flex items-center justify-center" style={{ minHeight: '500px' }}>

Import map: aliased to relative './src/components/book/PdfViewer' inside of [project]/task/reading_passport


Import trace:
  Server Component:
    ./task/reading_passport/src/components/book/ReadPageClient.tsx
    ./task/reading_passport/src/app/book/[id]/read/page.tsx

https://nextjs.org/docs/messages/module-not-found


    at <unknown> (Error: ./task/reading_passport/src/components/book/ReadPageClient.tsx:8:33)
    at <unknown> (https://nextjs.org/docs/messages/module-not-found)
    at Object.getCompilationErrors (file:///Users/user/task/reading_passport/node_modules/next/dist/server/dev/hot-reloader-turbopack.js:1186:59)
    at DevBundlerService.getCompilationError (file:///Users/user/task/reading_passport/node_modules/next/dist/server/lib/dev-bundler-service.js:44:55)
    at DevServer.getCompilationError (file:///Users/user/task/reading_passport/node_modules/next/dist/server/dev/next-dev-server.js:719:42)
    at DevServer.findPageComponents (file:///Users/user/task/reading_passport/node_modules/next/dist/server/dev/next-dev-server.js:689:43)
    at async DevServer.renderErrorToResponseImpl (file:///Users/user/task/reading_passport/node_modules/next/dist/server/base-server.js:1745:26)
[   81052ms] [LOG] [HMR] connected @ http://localhost:3000/_next/static/chunks/0xof_next_dist_0kx.pf_._.js:1226
[   81054ms] [ERROR] ./task/reading_passport/src/components/book/ReadPageClient.tsx:8:33
Module not found: Can't resolve '@/components/book/PdfViewer'
   6 | import dynamic from 'next/dynamic';
   7 |
>  8 | const PdfViewer = dynamic(() => import('@/components/book/PdfViewer'), {
     |                                 ^^^^^^^^^^^^^^^^^^^^^^^^^^^^^^^^^^^^^
   9 |   ssr: false,
  10 |   loading: () => (
  11 |     <div className="flex items-center justify-center" style={{ minHeight: '500px' }}>

Import map: aliased to relative './src/components/book/PdfViewer' inside of [project]/task/reading_passport

Import trace:
  Server Component:
    ./task/reading_passport/src/components/book/ReadPageClient.tsx
    ./task/reading_passport/src/app/book/[id]/read/page.tsx

https://nextjs.org/docs/messages/module-not-found @ http://localhost:3000/_next/static/chunks/0xof_next_dist_0kx.pf_._.js:1945
[   81054ms] [ERROR] ./task/reading_passport/src/components/book/ReadPageClient.tsx:8:33
Module not found: Can't resolve '@/components/book/PdfViewer'
   6 | import dynamic from 'next/dynamic';
   7 |
>  8 | const PdfViewer = dynamic(() => import('@/components/book/PdfViewer'), {
     |                                 ^^^^^^^^^^^^^^^^^^^^^^^^^^^^^^^^^^^^^
   9 |   ssr: false,
  10 |   loading: () => (
  11 |     <div className="flex items-center justify-center" style={{ minHeight: '500px' }}>

Import map: aliased to relative './src/components/book/PdfViewer' inside of [project]/task/reading_passport

Import trace:
  Server Component:
    ./task/reading_passport/src/components/book/ReadPageClient.tsx
    ./task/reading_passport/src/app/book/[id]/read/page.tsx

https://nextjs.org/docs/messages/module-not-found @ http://localhost:3000/_next/static/chunks/0xof_next_dist_0kx.pf_._.js:1945
[   81113ms] [ERROR] ./task/reading_passport/src/components/book/ReadPageClient.tsx:8:33
Module not found: Can't resolve '@/components/book/PdfViewer'
   6 | import dynamic from 'next/dynamic';
   7 |
>  8 | const PdfViewer = dynamic(() => import('@/components/book/PdfViewer'), {
     |                                 ^^^^^^^^^^^^^^^^^^^^^^^^^^^^^^^^^^^^^
   9 |   ssr: false,
  10 |   loading: () => (
  11 |     <div className="flex items-center justify-center" style={{ minHeight: '500px' }}>

Import map: aliased to relative './src/components/book/PdfViewer' inside of [project]/task/reading_passport

Import trace:
  Server Component:
    ./task/reading_passport/src/components/book/ReadPageClient.tsx
    ./task/reading_passport/src/app/book/[id]/read/page.tsx

https://nextjs.org/docs/messages/module-not-found @ http://localhost:3000/_next/static/chunks/0xof_next_dist_0kx.pf_._.js:1945
[   81157ms] [LOG] [Fast Refresh] rebuilding @ http://localhost:3000/_next/static/chunks/0xof_next_dist_0kx.pf_._.js:1226
[  132750ms] [LOG] [Fast Refresh] rebuilding @ http://localhost:3000/_next/static/chunks/0xof_next_dist_0kx.pf_._.js:1226
[  133070ms] [ERROR] ./task/reading_passport/src/components/book/ReadPageClient.tsx:8:33
Module not found: Can't resolve '@/components/book/PdfViewer'
   6 | import dynamic from 'next/dynamic';
   7 |
>  8 | const PdfViewer = dynamic(() => import('@/components/book/PdfViewer'), {
     |                                 ^^^^^^^^^^^^^^^^^^^^^^^^^^^^^^^^^^^^^
   9 |   ssr: false,
  10 |   loading: () => (
  11 |     <div className="flex items-center justify-center" style={{ minHeight: '500px' }}>

Import map: aliased to relative './src/components/book/PdfViewer' inside of [project]/task/reading_passport

Import trace:
  Server Component:
    ./task/reading_passport/src/components/book/ReadPageClient.tsx
    ./task/reading_passport/src/app/book/[id]/read/page.tsx

https://nextjs.org/docs/messages/module-not-found @ http://localhost:3000/_next/static/chunks/0xof_next_dist_0kx.pf_._.js:1945
[  133413ms] [ERROR] Failed to load resource: the server responded with a status of 500 (Internal Server Error) @ http://localhost:3000/map:0
[  133447ms] [INFO] %cDownload the React DevTools for a better development experience: https://react.dev/link/react-devtools font-weight:bold @ http://localhost:3000/_next/static/chunks/0xof_react-dom_0q-5wpb._.js:15305
[  133469ms] Error: ./task/reading_passport/src/components/book/ReadPageClient.tsx:8:33
Module not found: Can't resolve '@/components/book/PdfViewer'
   6 | import dynamic from 'next/dynamic';
   7 |
>  8 | const PdfViewer = dynamic(() => import('@/components/book/PdfViewer'), {
     |                                 ^^^^^^^^^^^^^^^^^^^^^^^^^^^^^^^^^^^^^
   9 |   ssr: false,
  10 |   loading: () => (
  11 |     <div className="flex items-center justify-center" style={{ minHeight: '500px' }}>

Import map: aliased to relative './src/components/book/PdfViewer' inside of [project]/task/reading_passport


Import trace:
  Server Component:
    ./task/reading_passport/src/components/book/ReadPageClient.tsx
    ./task/reading_passport/src/app/book/[id]/read/page.tsx

https://nextjs.org/docs/messages/module-not-found


    at <unknown> (Error: ./task/reading_passport/src/components/book/ReadPageClient.tsx:8:33)
    at <unknown> (https://nextjs.org/docs/messages/module-not-found)
    at Object.getCompilationErrors (file:///Users/user/task/reading_passport/node_modules/next/dist/server/dev/hot-reloader-turbopack.js:1186:59)
    at DevBundlerService.getCompilationError (file:///Users/user/task/reading_passport/node_modules/next/dist/server/lib/dev-bundler-service.js:44:55)
    at DevServer.getCompilationError (file:///Users/user/task/reading_passport/node_modules/next/dist/server/dev/next-dev-server.js:719:42)
    at DevServer.findPageComponents (file:///Users/user/task/reading_passport/node_modules/next/dist/server/dev/next-dev-server.js:689:43)
    at async DevServer.renderErrorToResponseImpl (file:///Users/user/task/reading_passport/node_modules/next/dist/server/base-server.js:1745:26)
[  133467ms] [LOG] [HMR] connected @ http://localhost:3000/_next/static/chunks/0xof_next_dist_0kx.pf_._.js:1226
[  133472ms] [ERROR] ./task/reading_passport/src/components/book/ReadPageClient.tsx:8:33
Module not found: Can't resolve '@/components/book/PdfViewer'
   6 | import dynamic from 'next/dynamic';
   7 |
>  8 | const PdfViewer = dynamic(() => import('@/components/book/PdfViewer'), {
     |                                 ^^^^^^^^^^^^^^^^^^^^^^^^^^^^^^^^^^^^^
   9 |   ssr: false,
  10 |   loading: () => (
  11 |     <div className="flex items-center justify-center" style={{ minHeight: '500px' }}>

Import map: aliased to relative './src/components/book/PdfViewer' inside of [project]/task/reading_passport

Import trace:
  Server Component:
    ./task/reading_passport/src/components/book/ReadPageClient.tsx
    ./task/reading_passport/src/app/book/[id]/read/page.tsx

https://nextjs.org/docs/messages/module-not-found @ http://localhost:3000/_next/static/chunks/0xof_next_dist_0kx.pf_._.js:1945
[  133503ms] [ERROR] ./task/reading_passport/src/components/book/ReadPageClient.tsx:8:33
Module not found: Can't resolve '@/components/book/PdfViewer'
   6 | import dynamic from 'next/dynamic';
   7 |
>  8 | const PdfViewer = dynamic(() => import('@/components/book/PdfViewer'), {
     |                                 ^^^^^^^^^^^^^^^^^^^^^^^^^^^^^^^^^^^^^
   9 |   ssr: false,
  10 |   loading: () => (
  11 |     <div className="flex items-center justify-center" style={{ minHeight: '500px' }}>

Import map: aliased to relative './src/components/book/PdfViewer' inside of [project]/task/reading_passport

Import trace:
  Server Component:
    ./task/reading_passport/src/components/book/ReadPageClient.tsx
    ./task/reading_passport/src/app/book/[id]/read/page.tsx

https://nextjs.org/docs/messages/module-not-found @ http://localhost:3000/_next/static/chunks/0xof_next_dist_0kx.pf_._.js:1945
[  133573ms] [ERROR] ./task/reading_passport/src/components/book/ReadPageClient.tsx:8:33
Module not found: Can't resolve '@/components/book/PdfViewer'
   6 | import dynamic from 'next/dynamic';
   7 |
>  8 | const PdfViewer = dynamic(() => import('@/components/book/PdfViewer'), {
     |                                 ^^^^^^^^^^^^^^^^^^^^^^^^^^^^^^^^^^^^^
   9 |   ssr: false,
  10 |   loading: () => (
  11 |     <div className="flex items-center justify-center" style={{ minHeight: '500px' }}>

Import map: aliased to relative './src/components/book/PdfViewer' inside of [project]/task/reading_passport

Import trace:
  Server Component:
    ./task/reading_passport/src/components/book/ReadPageClient.tsx
    ./task/reading_passport/src/app/book/[id]/read/page.tsx

https://nextjs.org/docs/messages/module-not-found @ http://localhost:3000/_next/static/chunks/0xof_next_dist_0kx.pf_._.js:1945
[  133573ms] [ERROR] ./task/reading_passport/src/components/book/ReadPageClient.tsx:8:33
Module not found: Can't resolve '@/components/book/PdfViewer'
   6 | import dynamic from 'next/dynamic';
   7 |
>  8 | const PdfViewer = dynamic(() => import('@/components/book/PdfViewer'), {
     |                                 ^^^^^^^^^^^^^^^^^^^^^^^^^^^^^^^^^^^^^
   9 |   ssr: false,
  10 |   loading: () => (
  11 |     <div className="flex items-center justify-center" style={{ minHeight: '500px' }}>

Import map: aliased to relative './src/components/book/PdfViewer' inside of [project]/task/reading_passport

Import trace:
  Server Component:
    ./task/reading_passport/src/components/book/ReadPageClient.tsx
    ./task/reading_passport/src/app/book/[id]/read/page.tsx

https://nextjs.org/docs/messages/module-not-found @ http://localhost:3000/_next/static/chunks/0xof_next_dist_0kx.pf_._.js:1945
[  133673ms] [LOG] [Fast Refresh] rebuilding @ http://localhost:3000/_next/static/chunks/0xof_next_dist_0kx.pf_._.js:1226
[  149935ms] [ERROR] Failed to load resource: the server responded with a status of 500 (Internal Server Error) @ http://localhost:3000/map:0
[  149951ms] [INFO] %cDownload the React DevTools for a better development experience: https://react.dev/link/react-devtools font-weight:bold @ http://localhost:3000/_next/static/chunks/0xof_react-dom_0q-5wpb._.js:15305
[  149979ms] Error: ./task/reading_passport/src/components/book/ReadPageClient.tsx:8:33
Module not found: Can't resolve '@/components/book/PdfViewer'
   6 | import dynamic from 'next/dynamic';
   7 |
>  8 | const PdfViewer = dynamic(() => import('@/components/book/PdfViewer'), {
     |                                 ^^^^^^^^^^^^^^^^^^^^^^^^^^^^^^^^^^^^^
   9 |   ssr: false,
  10 |   loading: () => (
  11 |     <div className="flex items-center justify-center" style={{ minHeight: '500px' }}>

Import map: aliased to relative './src/components/book/PdfViewer' inside of [project]/task/reading_passport


Import trace:
  Server Component:
    ./task/reading_passport/src/components/book/ReadPageClient.tsx
    ./task/reading_passport/src/app/book/[id]/read/page.tsx

https://nextjs.org/docs/messages/module-not-found


    at <unknown> (Error: ./task/reading_passport/src/components/book/ReadPageClient.tsx:8:33)
    at <unknown> (https://nextjs.org/docs/messages/module-not-found)
    at Object.getCompilationErrors (file:///Users/user/task/reading_passport/node_modules/next/dist/server/dev/hot-reloader-turbopack.js:1186:59)
    at DevBundlerService.getCompilationError (file:///Users/user/task/reading_passport/node_modules/next/dist/server/lib/dev-bundler-service.js:44:55)
    at DevServer.getCompilationError (file:///Users/user/task/reading_passport/node_modules/next/dist/server/dev/next-dev-server.js:719:42)
    at DevServer.findPageComponents (file:///Users/user/task/reading_passport/node_modules/next/dist/server/dev/next-dev-server.js:689:43)
    at async DevServer.renderErrorToResponseImpl (file:///Users/user/task/reading_passport/node_modules/next/dist/server/base-server.js:1745:26)
[  149959ms] [LOG] [HMR] connected @ http://localhost:3000/_next/static/chunks/0xof_next_dist_0kx.pf_._.js:1226
[  149965ms] [ERROR] ./task/reading_passport/src/components/book/ReadPageClient.tsx:8:33
Module not found: Can't resolve '@/components/book/PdfViewer'
   6 | import dynamic from 'next/dynamic';
   7 |
>  8 | const PdfViewer = dynamic(() => import('@/components/book/PdfViewer'), {
     |                                 ^^^^^^^^^^^^^^^^^^^^^^^^^^^^^^^^^^^^^
   9 |   ssr: false,
  10 |   loading: () => (
  11 |     <div className="flex items-center justify-center" style={{ minHeight: '500px' }}>

Import map: aliased to relative './src/components/book/PdfViewer' inside of [project]/task/reading_passport

Import trace:
  Server Component:
    ./task/reading_passport/src/components/book/ReadPageClient.tsx
    ./task/reading_passport/src/app/book/[id]/read/page.tsx

https://nextjs.org/docs/messages/module-not-found @ http://localhost:3000/_next/static/chunks/0xof_next_dist_0kx.pf_._.js:1945
[  150009ms] [ERROR] ./task/reading_passport/src/components/book/ReadPageClient.tsx:8:33
Module not found: Can't resolve '@/components/book/PdfViewer'
   6 | import dynamic from 'next/dynamic';
   7 |
>  8 | const PdfViewer = dynamic(() => import('@/components/book/PdfViewer'), {
     |                                 ^^^^^^^^^^^^^^^^^^^^^^^^^^^^^^^^^^^^^
   9 |   ssr: false,
  10 |   loading: () => (
  11 |     <div className="flex items-center justify-center" style={{ minHeight: '500px' }}>

Import map: aliased to relative './src/components/book/PdfViewer' inside of [project]/task/reading_passport

Import trace:
  Server Component:
    ./task/reading_passport/src/components/book/ReadPageClient.tsx
    ./task/reading_passport/src/app/book/[id]/read/page.tsx

https://nextjs.org/docs/messages/module-not-found @ http://localhost:3000/_next/static/chunks/0xof_next_dist_0kx.pf_._.js:1945
[  150132ms] [ERROR] ./task/reading_passport/src/components/book/ReadPageClient.tsx:8:33
Module not found: Can't resolve '@/components/book/PdfViewer'
   6 | import dynamic from 'next/dynamic';
   7 |
>  8 | const PdfViewer = dynamic(() => import('@/components/book/PdfViewer'), {
     |                                 ^^^^^^^^^^^^^^^^^^^^^^^^^^^^^^^^^^^^^
   9 |   ssr: false,
  10 |   loading: () => (
  11 |     <div className="flex items-center justify-center" style={{ minHeight: '500px' }}>

Import map: aliased to relative './src/components/book/PdfViewer' inside of [project]/task/reading_passport

Import trace:
  Server Component:
    ./task/reading_passport/src/components/book/ReadPageClient.tsx
    ./task/reading_passport/src/app/book/[id]/read/page.tsx

https://nextjs.org/docs/messages/module-not-found @ http://localhost:3000/_next/static/chunks/0xof_next_dist_0kx.pf_._.js:1945
[  150158ms] [LOG] [Fast Refresh] rebuilding @ http://localhost:3000/_next/static/chunks/0xof_next_dist_0kx.pf_._.js:1226
[  156738ms] [LOG] [Fast Refresh] rebuilding @ http://localhost:3000/_next/static/chunks/0xof_next_dist_0kx.pf_._.js:1226
[  156881ms] [LOG] [Fast Refresh] done in 230ms @ http://localhost:3000/_next/static/chunks/0xof_next_dist_0kx.pf_._.js:1226
[  157267ms] [LOG] [Fast Refresh] rebuilding @ http://localhost:3000/_next/static/chunks/0xof_next_dist_0kx.pf_._.js:1226
[  157326ms] [LOG] [Fast Refresh] done in 160ms @ http://localhost:3000/_next/static/chunks/0xof_next_dist_0kx.pf_._.js:1226
[  157901ms] [ERROR] Failed to load resource: the server responded with a status of 500 (Internal Server Error) @ http://localhost:3000/map:0
[  157964ms] [INFO] %cDownload the React DevTools for a better development experience: https://react.dev/link/react-devtools font-weight:bold @ http://localhost:3000/_next/static/chunks/0xof_next_dist_06_~z64._.js:2431
[  158000ms] [LOG] [HMR] connected @ http://localhost:3000/_next/static/chunks/0xof_next_dist_06_~z64._.js:2431
[  158303ms] [WARNING] Image with src "/images/countries/colombia.jpg" was detected as the Largest Contentful Paint (LCP). Please add the `loading="eager"` property if this image is above the fold.
Read more: https://nextjs.org/docs/app/api-reference/components/image#loading @ http://localhost:3000/_next/static/chunks/0xof_next_dist_06_~z64._.js:2431
[  158307ms] [ERROR] Failed to load resource: the server responded with a status of 500 () @ https://ttzstncplgzkbnlhepgh.supabase.co/rest/v1/users?select=*&id=eq.7a3333f1-8d74-4fc5-8d3c-90f4424c9ba9:0
[  158353ms] [ERROR] Failed to load resource: the server responded with a status of 500 () @ https://ttzstncplgzkbnlhepgh.supabase.co/rest/v1/users?select=*&id=eq.7a3333f1-8d74-4fc5-8d3c-90f4424c9ba9:0
[  158850ms] [ERROR] Failed to load resource: the server responded with a status of 500 () @ https://ttzstncplgzkbnlhepgh.supabase.co/rest/v1/users?select=*&id=eq.7a3333f1-8d74-4fc5-8d3c-90f4424c9ba9:0
[  158899ms] [ERROR] Failed to load resource: the server responded with a status of 500 () @ https://ttzstncplgzkbnlhepgh.supabase.co/rest/v1/users?select=*&id=eq.7a3333f1-8d74-4fc5-8d3c-90f4424c9ba9:0
[  159399ms] [ERROR] Failed to load resource: the server responded with a status of 500 () @ https://ttzstncplgzkbnlhepgh.supabase.co/rest/v1/users?select=*&id=eq.7a3333f1-8d74-4fc5-8d3c-90f4424c9ba9:0
[  159442ms] [ERROR] Failed to load resource: the server responded with a status of 500 () @ https://ttzstncplgzkbnlhepgh.supabase.co/rest/v1/users?select=*&id=eq.7a3333f1-8d74-4fc5-8d3c-90f4424c9ba9:0
[  174697ms] [LOG] [Fast Refresh] rebuilding @ http://localhost:3000/_next/static/chunks/0xof_next_dist_06_~z64._.js:2431
[  174705ms] [LOG] [Fast Refresh] done in 109ms @ http://localhost:3000/_next/static/chunks/0xof_next_dist_06_~z64._.js:2431
[  178757ms] [LOG] [Fast Refresh] rebuilding @ http://localhost:3000/_next/static/chunks/0xof_next_dist_06_~z64._.js:2431
[  178760ms] [LOG] [Fast Refresh] done in 104ms @ http://localhost:3000/_next/static/chunks/0xof_next_dist_06_~z64._.js:2431
[  207525ms] [LOG] [Fast Refresh] rebuilding @ http://localhost:3000/_next/static/chunks/0xof_next_dist_06_~z64._.js:2431
[  207692ms] [LOG] [Fast Refresh] done in 249ms @ http://localhost:3000/_next/static/chunks/0xof_next_dist_06_~z64._.js:2431
[  208022ms] [LOG] [Fast Refresh] rebuilding @ http://localhost:3000/_next/static/chunks/0xof_next_dist_06_~z64._.js:2431
[  208119ms] [LOG] [Fast Refresh] done in 198ms @ http://localhost:3000/_next/static/chunks/0xof_next_dist_06_~z64._.js:2431
[  216784ms] [LOG] [Fast Refresh] rebuilding @ http://localhost:3000/_next/static/chunks/0xof_next_dist_06_~z64._.js:2431
[  216825ms] [LOG] [Fast Refresh] done in 143ms @ http://localhost:3000/_next/static/chunks/0xof_next_dist_06_~z64._.js:2431
[  220368ms] [INFO] %cDownload the React DevTools for a better development experience: https://react.dev/link/react-devtools font-weight:bold @ http://localhost:3000/_next/static/chunks/0xof_next_dist_06_~z64._.js:2431
[  220405ms] [LOG] [HMR] connected @ http://localhost:3000/_next/static/chunks/0xof_next_dist_06_~z64._.js:2431
[  220469ms] [WARNING] Image with src "/images/countries/colombia.jpg" was detected as the Largest Contentful Paint (LCP). Please add the `loading="eager"` property if this image is above the fold.
Read more: https://nextjs.org/docs/app/api-reference/components/image#loading @ http://localhost:3000/_next/static/chunks/0xof_next_dist_06_~z64._.js:2431
[  220619ms] [ERROR] Failed to load resource: the server responded with a status of 500 () @ https://ttzstncplgzkbnlhepgh.supabase.co/rest/v1/users?select=*&id=eq.7a3333f1-8d74-4fc5-8d3c-90f4424c9ba9:0
[  220676ms] [ERROR] Failed to load resource: the server responded with a status of 500 () @ https://ttzstncplgzkbnlhepgh.supabase.co/rest/v1/users?select=*&id=eq.7a3333f1-8d74-4fc5-8d3c-90f4424c9ba9:0
[  221172ms] [ERROR] Failed to load resource: the server responded with a status of 500 () @ https://ttzstncplgzkbnlhepgh.supabase.co/rest/v1/users?select=*&id=eq.7a3333f1-8d74-4fc5-8d3c-90f4424c9ba9:0
[  221221ms] [ERROR] Failed to load resource: the server responded with a status of 500 () @ https://ttzstncplgzkbnlhepgh.supabase.co/rest/v1/users?select=*&id=eq.7a3333f1-8d74-4fc5-8d3c-90f4424c9ba9:0
[  221720ms] [ERROR] Failed to load resource: the server responded with a status of 500 () @ https://ttzstncplgzkbnlhepgh.supabase.co/rest/v1/users?select=*&id=eq.7a3333f1-8d74-4fc5-8d3c-90f4424c9ba9:0
[  221764ms] [ERROR] Failed to load resource: the server responded with a status of 500 () @ https://ttzstncplgzkbnlhepgh.supabase.co/rest/v1/users?select=*&id=eq.7a3333f1-8d74-4fc5-8d3c-90f4424c9ba9:0
[  318409ms] [LOG] [Fast Refresh] rebuilding @ http://localhost:3000/_next/static/chunks/0xof_next_dist_06_~z64._.js:2431
[  318458ms] [WARNING] [Fast Refresh] performing full reload

Fast Refresh will perform a full reload when you edit a file that's imported by modules outside of the React rendering tree.
You might have a file which exports a React component but also exports a value that is imported by a non-React component file.
Consider migrating the non-React component export to a separate file and importing it into both files.

It is also possible the parent component of the component you edited is a class component, which disables Fast Refresh.
Fast Refresh requires at least one parent function component in your React tree. @ http://localhost:3000/_next/static/chunks/0xof_next_dist_06_~z64._.js:2431
[  318614ms] [LOG] [Fast Refresh] done in 150ms @ http://localhost:3000/_next/static/chunks/0xof_next_dist_06_~z64._.js:2431
[  318787ms] [LOG] [Fast Refresh] rebuilding @ http://localhost:3000/_next/static/chunks/0xof_next_dist_06_~z64._.js:2431
[  318789ms] [LOG] [Fast Refresh] done in 104ms @ http://localhost:3000/_next/static/chunks/0xof_next_dist_06_~z64._.js:2431
[  319003ms] [INFO] %cDownload the React DevTools for a better development experience: https://react.dev/link/react-devtools font-weight:bold @ http://localhost:3000/_next/static/chunks/0xof_next_dist_06_~z64._.js:2431
[  319026ms] [LOG] [HMR] connected @ http://localhost:3000/_next/static/chunks/0xof_next_dist_06_~z64._.js:2431
[  319077ms] [WARNING] Image with src "/images/countries/tanzania.jpg" was detected as the Largest Contentful Paint (LCP). Please add the `loading="eager"` property if this image is above the fold.
Read more: https://nextjs.org/docs/app/api-reference/components/image#loading @ http://localhost:3000/_next/static/chunks/0xof_next_dist_06_~z64._.js:2431
[  319187ms] [ERROR] Failed to load resource: the server responded with a status of 500 () @ https://ttzstncplgzkbnlhepgh.supabase.co/rest/v1/users?select=*&id=eq.7a3333f1-8d74-4fc5-8d3c-90f4424c9ba9:0
[  319227ms] [ERROR] Failed to load resource: the server responded with a status of 500 () @ https://ttzstncplgzkbnlhepgh.supabase.co/rest/v1/users?select=*&id=eq.7a3333f1-8d74-4fc5-8d3c-90f4424c9ba9:0
[  319732ms] [ERROR] Failed to load resource: the server responded with a status of 500 () @ https://ttzstncplgzkbnlhepgh.supabase.co/rest/v1/users?select=*&id=eq.7a3333f1-8d74-4fc5-8d3c-90f4424c9ba9:0
[  319778ms] [ERROR] Failed to load resource: the server responded with a status of 500 () @ https://ttzstncplgzkbnlhepgh.supabase.co/rest/v1/users?select=*&id=eq.7a3333f1-8d74-4fc5-8d3c-90f4424c9ba9:0
[  320282ms] [ERROR] Failed to load resource: the server responded with a status of 500 () @ https://ttzstncplgzkbnlhepgh.supabase.co/rest/v1/users?select=*&id=eq.7a3333f1-8d74-4fc5-8d3c-90f4424c9ba9:0
[  320319ms] [ERROR] Failed to load resource: the server responded with a status of 500 () @ https://ttzstncplgzkbnlhepgh.supabase.co/rest/v1/users?select=*&id=eq.7a3333f1-8d74-4fc5-8d3c-90f4424c9ba9:0
[  335507ms] [LOG] [Fast Refresh] rebuilding @ http://localhost:3000/_next/static/chunks/0xof_next_dist_06_~z64._.js:2431
[  335540ms] [LOG] [Fast Refresh] done in 59ms @ http://localhost:3000/_next/static/chunks/0xof_next_dist_06_~z64._.js:2431
[  484549ms] [LOG] [Fast Refresh] rebuilding @ http://localhost:3000/_next/static/chunks/0xof_next_dist_06_~z64._.js:2431
[  484602ms] [LOG] [Fast Refresh] done in 133ms @ http://localhost:3000/_next/static/chunks/0xof_next_dist_06_~z64._.js:2431
[  494252ms] [LOG] [Fast Refresh] rebuilding @ http://localhost:3000/_next/static/chunks/0xof_next_dist_06_~z64._.js:2431
[  494995ms] [LOG] [Fast Refresh] done in 840ms @ http://localhost:3000/_next/static/chunks/0xof_next_dist_06_~z64._.js:2431
[  495316ms] [LOG] [Fast Refresh] rebuilding @ http://localhost:3000/_next/static/chunks/0xof_next_dist_06_~z64._.js:2431
[  495434ms] [LOG] [Fast Refresh] done in 220ms @ http://localhost:3000/_next/static/chunks/0xof_next_dist_06_~z64._.js:2431
[  504504ms] [INFO] %cDownload the React DevTools for a better development experience: https://react.dev/link/react-devtools font-weight:bold @ http://localhost:3000/_next/static/chunks/0xof_next_dist_06_~z64._.js:2431
[  504536ms] [LOG] [HMR] connected @ http://localhost:3000/_next/static/chunks/0xof_next_dist_06_~z64._.js:2431
[  504616ms] [WARNING] Image with src "/images/countries/colombia.jpg" was detected as the Largest Contentful Paint (LCP). Please add the `loading="eager"` property if this image is above the fold.
Read more: https://nextjs.org/docs/app/api-reference/components/image#loading @ http://localhost:3000/_next/static/chunks/0xof_next_dist_06_~z64._.js:2431
[  504809ms] [ERROR] Failed to load resource: the server responded with a status of 500 () @ https://ttzstncplgzkbnlhepgh.supabase.co/rest/v1/users?select=*&id=eq.7a3333f1-8d74-4fc5-8d3c-90f4424c9ba9:0
[  504856ms] [ERROR] Failed to load resource: the server responded with a status of 500 () @ https://ttzstncplgzkbnlhepgh.supabase.co/rest/v1/users?select=*&id=eq.7a3333f1-8d74-4fc5-8d3c-90f4424c9ba9:0
[  505346ms] [ERROR] Failed to load resource: the server responded with a status of 500 () @ https://ttzstncplgzkbnlhepgh.supabase.co/rest/v1/users?select=*&id=eq.7a3333f1-8d74-4fc5-8d3c-90f4424c9ba9:0
[  505394ms] [ERROR] Failed to load resource: the server responded with a status of 500 () @ https://ttzstncplgzkbnlhepgh.supabase.co/rest/v1/users?select=*&id=eq.7a3333f1-8d74-4fc5-8d3c-90f4424c9ba9:0
[  505886ms] [ERROR] Failed to load resource: the server responded with a status of 500 () @ https://ttzstncplgzkbnlhepgh.supabase.co/rest/v1/users?select=*&id=eq.7a3333f1-8d74-4fc5-8d3c-90f4424c9ba9:0
[  505934ms] [ERROR] Failed to load resource: the server responded with a status of 500 () @ https://ttzstncplgzkbnlhepgh.supabase.co/rest/v1/users?select=*&id=eq.7a3333f1-8d74-4fc5-8d3c-90f4424c9ba9:0
[  510057ms] [LOG] [Fast Refresh] rebuilding @ http://localhost:3000/_next/static/chunks/0xof_next_dist_06_~z64._.js:2431
[  510082ms] [LOG] [Fast Refresh] done in 35ms @ http://localhost:3000/_next/static/chunks/0xof_next_dist_06_~z64._.js:2431
[  532645ms] [LOG] [Fast Refresh] rebuilding @ http://localhost:3000/_next/static/chunks/0xof_next_dist_06_~z64._.js:2431
[  532669ms] [LOG] [Fast Refresh] done in 73ms @ http://localhost:3000/_next/static/chunks/0xof_next_dist_06_~z64._.js:2431
[  550086ms] [LOG] [Fast Refresh] rebuilding @ http://localhost:3000/_next/static/chunks/0xof_next_dist_06_~z64._.js:2431
[  550110ms] [LOG] [Fast Refresh] done in 35ms @ http://localhost:3000/_next/static/chunks/0xof_next_dist_06_~z64._.js:2431
[  569771ms] [LOG] [Fast Refresh] rebuilding @ http://localhost:3000/_next/static/chunks/0xof_next_dist_06_~z64._.js:2431
[  569794ms] [LOG] [Fast Refresh] done in 37ms @ http://localhost:3000/_next/static/chunks/0xof_next_dist_06_~z64._.js:2431
